{"C:\\Users\\User\\Desktop\\ajs-homeworks\\advanced\\Destructuring\\src\\index.js": {"path":"C:\\Users\\User\\Desktop\\ajs-homeworks\\advanced\\Destructuring\\src\\index.js","statementMap":{"0":{"start":{"line":1,"column":26},"end":{"line":8,"column":3}},"1":{"start":{"line":2,"column":4},"end":{"line":7,"column":8}},"2":{"start":{"line":2,"column":95},"end":{"line":7,"column":5}},"3":{"start":{"line":10,"column":2},"end":{"line":10,"column":41}}},"fnMap":{"0":{"name":"(anonymous_0)","decl":{"start":{"line":1,"column":26},"end":{"line":1,"column":27}},"loc":{"start":{"line":1,"column":41},"end":{"line":8,"column":3}},"line":1},"1":{"name":"(anonymous_1)","decl":{"start":{"line":2,"column":33},"end":{"line":2,"column":34}},"loc":{"start":{"line":2,"column":95},"end":{"line":7,"column":5}},"line":2}},"branchMap":{"0":{"loc":{"start":{"line":2,"column":46},"end":{"line":2,"column":81}},"type":"default-arg","locations":[{"start":{"line":2,"column":60},"end":{"line":2,"column":81}}],"line":2}},"s":{"0":1,"1":3,"2":4,"3":1},"f":{"0":3,"1":4},"b":{"0":[2]},"_coverageSchema":"1a1c01bbd47fc00a2c39e90264f33305004495a9","hash":"fc450016772e336ebd8e923ce00caae97cfa5af7"}
}
